\BOOKMARK [0][-]{Doc-Start}{\376\377\000I\000n\000t\000r\000o\000d\000u\000c\000t\000i\000o\000n}{}% 1
\BOOKMARK [0][-]{chapter.1}{\376\377\000G\000e\000t\000t\000i\000n\000g\000\040\000s\000t\000a\000r\000t\000e\000d}{}% 2
\BOOKMARK [1][-]{section.1.1}{\376\377\000W\000r\000i\000t\000i\000n\000g\000\040\000p\000r\000o\000g\000r\000a\000m\000s}{chapter.1}% 3
\BOOKMARK [0][-]{chapter.2}{\376\377\000I\000d\000e\000n\000t\000i\000f\000i\000e\000r\000s\000,\000\040\000V\000a\000r\000i\000a\000b\000l\000e\000s\000\040\000a\000n\000d\000\040\000T\000y\000p\000i\000n\000g}{}% 4
\BOOKMARK [1][-]{section.2.1}{\376\377\000P\000r\000o\000c\000e\000d\000u\000r\000e\000\040\000a\000n\000d\000\040\000v\000a\000r\000i\000a\000b\000l\000e\000\040\000n\000a\000m\000i\000n\000g}{chapter.2}% 5
\BOOKMARK [1][-]{section.2.2}{\376\377\000T\000y\000p\000e\000s}{chapter.2}% 6
\BOOKMARK [1][-]{section.2.3}{\376\377\000A\000r\000r\000a\000y\000s}{chapter.2}% 7
\BOOKMARK [0][-]{chapter.3}{\376\377\000S\000t\000r\000u\000c\000t\000u\000r\000e\000d\000\040\000P\000r\000o\000g\000r\000a\000m\000m\000i\000n\000g}{}% 8
\BOOKMARK [1][-]{section.3.1}{\376\377\000N\000a\000m\000e\000d\000\040\000p\000r\000o\000c\000e\000d\000u\000r\000e\000s}{chapter.3}% 9
\BOOKMARK [1][-]{section.3.2}{\376\377\000\040\000[\000t\000t\000\040\000b\000o\000x\000,\000o\000p\000t\000i\000o\000n\000s\000@\000f\000o\000r\000=\000t\000t\000b\000o\000x\000]\000p\000r\000i\000m\000a\000r\000y\000f\000o\000r\000\040\000\040\000l\000o\000o\000p\000s}{chapter.3}% 10
\BOOKMARK [1][-]{section.3.3}{\376\377\000\040\000[\000t\000t\000\040\000b\000o\000x\000,\000o\000p\000t\000i\000o\000n\000s\000@\000f\000o\000r\000=\000t\000t\000b\000o\000x\000]\000p\000r\000i\000m\000a\000r\000y\000w\000h\000i\000l\000e\000\040\000\040\000a\000n\000d\000\040\000\040\000[\000t\000t\000\040\000b\000o\000x\000,\000o\000p\000t\000i\000o\000n\000s\000@\000f\000o\000r\000=\000t\000t\000b\000o\000x\000]\000p\000r\000i\000m\000a\000r\000y\000r\000e\000p\000e\000a\000t\000\040\000\040\000l\000o\000o\000p\000s}{chapter.3}% 11
\BOOKMARK [1][-]{section.3.4}{\376\377\000I\000f\000\040\000.\000.\000.\000\040\000E\000l\000s\000e\000\040\000.\000.\000.\000\040\000E\000n\000d\000i\000f}{chapter.3}% 12
\BOOKMARK [0][-]{chapter.4}{\376\377\000G\000r\000a\000p\000h\000i\000c\000s}{}% 13
\BOOKMARK [1][-]{section.4.1}{\376\377\000I\000n\000t\000r\000o\000d\000u\000c\000t\000i\000o\000n}{chapter.4}% 14
\BOOKMARK [1][-]{section.4.2}{\376\377\000B\000i\000t\000m\000a\000p\000\040\000G\000r\000a\000p\000h\000i\000c\000s}{chapter.4}% 15
\BOOKMARK [1][-]{section.4.3}{\376\377\000G\000r\000a\000p\000h\000i\000c\000s\000\040\000M\000o\000d\000i\000f\000i\000e\000r\000s\000\040\000a\000n\000d\000\040\000A\000c\000t\000i\000o\000n\000s}{chapter.4}% 16
\BOOKMARK [1][-]{section.4.4}{\376\377\000S\000o\000m\000e\000\040\000u\000s\000e\000f\000u\000l\000\040\000e\000x\000a\000m\000p\000l\000e\000s}{chapter.4}% 17
\BOOKMARK [1][-]{section.4.5}{\376\377\000R\000a\000n\000g\000e\000s}{chapter.4}% 18
\BOOKMARK [0][-]{chapter.5}{\376\377\000T\000i\000l\000e\000s\000\040\000a\000n\000d\000\040\000T\000i\000l\000e\000\040\000M\000a\000p\000s}{}% 19
\BOOKMARK [1][-]{section.5.1}{\376\377\000I\000n\000t\000r\000o\000d\000u\000c\000t\000i\000o\000n}{chapter.5}% 20
\BOOKMARK [1][-]{section.5.2}{\376\377\000S\000e\000t\000t\000i\000n\000g\000\040\000u\000p\000\040\000a\000\040\000T\000i\000l\000e\000\040\000M\000a\000p}{chapter.5}% 21
\BOOKMARK [1][-]{section.5.3}{\376\377\000M\000a\000n\000i\000p\000u\000l\000a\000t\000i\000n\000g\000\040\000a\000\040\000T\000i\000l\000e\000\040\000M\000a\000p}{chapter.5}% 22
\BOOKMARK [1][-]{section.5.4}{\376\377\000D\000a\000t\000a\000\040\000f\000o\000r\000m\000a\000t\000s}{chapter.5}% 23
\BOOKMARK [0][-]{chapter.6}{\376\377\000S\000p\000r\000i\000t\000e\000s}{}% 24
\BOOKMARK [1][-]{section.6.1}{\376\377\000I\000n\000t\000r\000o\000d\000u\000c\000t\000i\000o\000n}{chapter.6}% 25
\BOOKMARK [1][-]{section.6.2}{\376\377\000C\000r\000e\000a\000t\000i\000n\000g\000\040\000s\000p\000r\000i\000t\000e\000s}{chapter.6}% 26
\BOOKMARK [1][-]{section.6.3}{\376\377\000G\000e\000t\000t\000i\000n\000g\000\040\000i\000m\000a\000g\000e\000s}{chapter.6}% 27
\BOOKMARK [1][-]{section.6.4}{\376\377\000B\000u\000i\000l\000d\000i\000n\000g\000\040\000a\000\040\000s\000p\000r\000i\000t\000e\000\040\000d\000a\000t\000a\000\040\000s\000e\000t}{chapter.6}% 28
\BOOKMARK [1][-]{section.6.5}{\376\377\000D\000a\000t\000a\000\040\000f\000o\000r\000m\000a\000t}{chapter.6}% 29
\BOOKMARK [0][-]{chapter.7}{\376\377\000S\000o\000u\000n\000d}{}% 30
\BOOKMARK [1][-]{section.7.1}{\376\377\000I\000n\000t\000r\000o\000d\000u\000c\000t\000i\000o\000n}{chapter.7}% 31
\BOOKMARK [1][-]{section.7.2}{\376\377\000C\000h\000a\000n\000n\000e\000l\000s}{chapter.7}% 32
\BOOKMARK [1][-]{section.7.3}{\376\377\000E\000a\000s\000y\000\040\000c\000o\000m\000m\000a\000n\000d\000s}{chapter.7}% 33
\BOOKMARK [0][-]{chapter.8}{\376\377\000I\000n\000l\000i\000n\000e\000\040\000A\000s\000s\000e\000m\000b\000l\000y}{}% 34
\BOOKMARK [1][-]{section.8.1}{\376\377\000H\000o\000w\000\040\000i\000t\000\040\000w\000o\000r\000k\000s}{chapter.8}% 35
\BOOKMARK [1][-]{section.8.2}{\376\377\000T\000h\000e\000\040\000A\000s\000s\000e\000m\000b\000l\000e\000\040\000c\000o\000m\000m\000a\000n\000d}{chapter.8}% 36
\BOOKMARK [1][-]{section.8.3}{\376\377\000T\000w\000o\000-\000p\000a\000s\000s\000\040\000A\000s\000s\000e\000m\000b\000l\000y}{chapter.8}% 37
\BOOKMARK [1][-]{section.8.4}{\376\377\000L\000i\000m\000i\000t\000a\000t\000i\000o\000n\000s}{chapter.8}% 38
\BOOKMARK [0][-]{chapter.9}{\376\377\000C\000r\000o\000s\000s\000-\000D\000e\000v\000e\000l\000o\000p\000m\000e\000n\000t}{}% 39
\BOOKMARK [1][-]{section.9.1}{\376\377\000A\000s\000s\000i\000s\000t\000a\000n\000c\000e}{chapter.9}% 40
\BOOKMARK [1][-]{section.9.2}{\376\377\000C\000o\000n\000n\000e\000c\000t\000i\000o\000n}{chapter.9}% 41
\BOOKMARK [1][-]{section.9.3}{\376\377\000U\000t\000i\000l\000i\000t\000y\000\040\000S\000o\000f\000t\000w\000a\000r\000e}{chapter.9}% 42
\BOOKMARK [1][-]{section.9.4}{\376\377\000C\000r\000o\000s\000s\000-\000d\000e\000v\000e\000l\000o\000p\000i\000n\000g\000\040\000i\000n\000\040\000S\000u\000p\000e\000r\000B\000A\000S\000I\000C}{chapter.9}% 43
\BOOKMARK [1][-]{section.9.5}{\376\377\000U\000p\000l\000o\000a\000d\000i\000n\000g\000\040\000a\000n\000d\000\040\000r\000u\000n\000n\000i\000n\000g}{chapter.9}% 44
\BOOKMARK [1][-]{section.9.6}{\376\377\000M\000e\000m\000o\000r\000y\000\040\000U\000s\000e}{chapter.9}% 45
\BOOKMARK [1][-]{section.9.7}{\376\377\000S\000p\000r\000i\000t\000e\000s}{chapter.9}% 46
\BOOKMARK [0][-]{chapter.10}{\376\377\000K\000e\000y\000w\000o\000r\000d\000,\000\040\000O\000p\000e\000r\000a\000t\000o\000r\000\040\000a\000n\000d\000\040\000S\000y\000m\000b\000o\000l\000\040\000R\000e\000f\000e\000r\000e\000n\000c\000e}{}% 47
\BOOKMARK [1][-]{section*.12}{\376\377\000!\000\040\000\050\000e\000x\000c\000l\000a\000m\000a\000t\000i\000o\000n\000\040\000m\000a\000r\000k\000\051}{chapter.10}% 48
\BOOKMARK [1][-]{section*.13}{\376\377\000@\000\040\000\050\000a\000t\000\040\000s\000i\000g\000n\000\051}{chapter.10}% 49
\BOOKMARK [1][-]{section*.14}{\376\377\000\043\000\040\000\050\000n\000u\000m\000b\000e\000r\000\040\000s\000i\000g\000n\000\051}{chapter.10}% 50
\BOOKMARK [1][-]{section*.15}{\376\377\000\044\000\040\000\050\000d\000o\000l\000l\000a\000r\000\040\000s\000i\000g\000n\000\051}{chapter.10}% 51
\BOOKMARK [1][-]{section*.16}{\376\377\000\045\000\040\000\050\000p\000e\000r\000c\000e\000n\000t\000\040\000s\000i\000g\000n\000\051}{chapter.10}% 52
\BOOKMARK [1][-]{section*.17}{\376\377\000\136\000\040\000\050\000c\000a\000r\000e\000t\000\040\000s\000y\000m\000b\000o\000l\000\051}{chapter.10}% 53
\BOOKMARK [1][-]{section*.18}{\376\377\000\046\000\040\000\050\000a\000m\000p\000e\000r\000s\000a\000n\000d\000\051}{chapter.10}% 54
\BOOKMARK [1][-]{section*.19}{\376\377\000|\000\040\000\050\000v\000e\000r\000t\000i\000c\000a\000l\000\040\000b\000a\000r\000\051}{chapter.10}% 55
\BOOKMARK [1][-]{section*.20}{\376\377\000*\000\040\000\050\000a\000s\000t\000e\000r\000i\000s\000k\000\051}{chapter.10}% 56
\BOOKMARK [1][-]{section*.21}{\376\377\000/\000\040\000\050\000f\000o\000r\000w\000a\000r\000d\000\040\000s\000l\000a\000s\000h\000\051}{chapter.10}% 57
\BOOKMARK [1][-]{section*.22}{\376\377\000\134\000\040\000\050\000b\000a\000c\000k\000w\000a\000r\000d\000\040\000s\000l\000a\000s\000h\000\051}{chapter.10}% 58
\BOOKMARK [1][-]{section*.23}{\376\377\000-\000\040\000\050\000m\000i\000n\000u\000s\000\040\000s\000i\000g\000n\000\051}{chapter.10}% 59
\BOOKMARK [1][-]{section*.24}{\376\377\000+\000\040\000\050\000p\000l\000u\000s\000\040\000s\000i\000g\000n\000\051}{chapter.10}% 60
\BOOKMARK [1][-]{section*.25}{\376\377\000?\000\040\000\050\000q\000u\000e\000s\000t\000i\000o\000n\000\040\000m\000a\000r\000k\000\051}{chapter.10}% 61
\BOOKMARK [1][-]{section*.26}{\376\377\000:\000\040\000\050\000c\000o\000l\000o\000n\000\051}{chapter.10}% 62
\BOOKMARK [1][-]{section*.27}{\376\377\000.\000\040\000\050\000p\000e\000r\000i\000o\000d\000\051}{chapter.10}% 63
\BOOKMARK [1][-]{section*.28}{\376\377\000'\000\040\000\050\000a\000p\000o\000s\000t\000r\000o\000p\000h\000e\000\051}{chapter.10}% 64
\BOOKMARK [1][-]{section*.29}{\376\377\000"\000\040\000\050\000q\000u\000o\000t\000e\000\051}{chapter.10}% 65
\BOOKMARK [1][-]{section*.30}{\376\377\000<\000\040\000\050\000l\000e\000s\000s\000\040\000t\000h\000a\000n\000\051}{chapter.10}% 66
\BOOKMARK [1][-]{section*.31}{\376\377\000<\000=\000\040\000\050\000l\000e\000s\000s\000\040\000e\000q\000u\000a\000l\000\051}{chapter.10}% 67
\BOOKMARK [1][-]{section*.32}{\376\377\000=\000\040\000\050\000e\000q\000u\000a\000l\000\051}{chapter.10}% 68
\BOOKMARK [1][-]{section*.33}{\376\377\000<\000>\000\040\000\050\000n\000o\000t\000\040\000e\000q\000u\000a\000l\000\051}{chapter.10}% 69
\BOOKMARK [1][-]{section*.34}{\376\377\000>\000\040\000\050\000g\000r\000e\000a\000t\000e\000r\000\040\000t\000h\000a\000n\000\051}{chapter.10}% 70
\BOOKMARK [1][-]{section*.35}{\376\377\000>\000=\000\040\000\050\000g\000r\000e\000a\000t\000e\000r\000\040\000e\000q\000u\000a\000l\000\051}{chapter.10}% 71
\BOOKMARK [1][-]{section*.36}{\376\377\000<\000<\000\040\000\050\000l\000e\000f\000t\000\040\000s\000h\000i\000f\000t\000\051}{chapter.10}% 72
\BOOKMARK [1][-]{section*.37}{\376\377\000>\000>\000\040\000\050\000r\000i\000g\000h\000t\000\040\000s\000h\000i\000f\000t\000\051}{chapter.10}% 73
\BOOKMARK [1][-]{section*.38}{\376\377\000a\000b\000s\000\050\000\051}{chapter.10}% 74
\BOOKMARK [1][-]{section*.39}{\376\377\000a\000l\000l\000o\000c\000\050\000\051}{chapter.10}% 75
\BOOKMARK [1][-]{section*.40}{\376\377\000a\000s\000c\000\050\000\051}{chapter.10}% 76
\BOOKMARK [1][-]{section*.41}{\376\377\000a\000s\000s\000e\000m\000b\000l\000e}{chapter.10}% 77
\BOOKMARK [1][-]{section*.42}{\376\377\000a\000s\000s\000e\000r\000t}{chapter.10}% 78
\BOOKMARK [1][-]{section*.43}{\376\377\000b\000i\000t\000m\000a\000p}{chapter.10}% 79
\BOOKMARK [1][-]{section*.44}{\376\377\000b\000l\000o\000a\000d}{chapter.10}% 80
\BOOKMARK [1][-]{section*.45}{\376\377\000b\000s\000a\000v\000e}{chapter.10}% 81
\BOOKMARK [1][-]{section*.46}{\376\377\000c\000a\000l\000l}{chapter.10}% 82
\BOOKMARK [1][-]{section*.47}{\376\377\000c\000h\000r\000\044\000\050\000\051}{chapter.10}% 83
\BOOKMARK [1][-]{section*.48}{\376\377\000c\000i\000r\000c\000l\000e}{chapter.10}% 84
\BOOKMARK [1][-]{section*.49}{\376\377\000c\000p\000r\000i\000n\000t}{chapter.10}% 85
\BOOKMARK [1][-]{section*.50}{\376\377\000c\000u\000r\000s\000o\000r}{chapter.10}% 86
\BOOKMARK [1][-]{section*.51}{\376\377\000d\000i\000r}{chapter.10}% 87
\BOOKMARK [1][-]{section*.52}{\376\377\000d\000i\000m}{chapter.10}% 88
\BOOKMARK [1][-]{section*.53}{\376\377\000d\000r\000i\000v\000e}{chapter.10}% 89
\BOOKMARK [1][-]{section*.54}{\376\377\000e\000n\000d}{chapter.10}% 90
\BOOKMARK [1][-]{section*.55}{\376\377\000e\000v\000e\000n\000t\000\050\000\051}{chapter.10}% 91
\BOOKMARK [1][-]{section*.56}{\376\377\000f\000a\000l\000s\000e}{chapter.10}% 92
\BOOKMARK [1][-]{section*.57}{\376\377\000f\000o\000r\000\040\000.\000.\000.\000\040\000n\000e\000x\000t}{chapter.10}% 93
\BOOKMARK [1][-]{section*.58}{\376\377\000f\000r\000a\000c\000\050\000\051}{chapter.10}% 94
\BOOKMARK [1][-]{section*.59}{\376\377\000g\000e\000t\000\050\000\051\000\040\000/\000\040\000g\000e\000t\000\044\000\050\000\051}{chapter.10}% 95
\BOOKMARK [1][-]{section*.60}{\376\377\000g\000e\000t\000d\000a\000t\000e\000\044\000\050\000n\000\051}{chapter.10}% 96
\BOOKMARK [1][-]{section*.61}{\376\377\000g\000e\000t\000t\000i\000m\000e\000\044\000\050\000n\000\051}{chapter.10}% 97
\BOOKMARK [1][-]{section*.62}{\376\377\000g\000f\000x}{chapter.10}% 98
\BOOKMARK [1][-]{section*.63}{\376\377\000g\000o\000s\000u\000b}{chapter.10}% 99
\BOOKMARK [1][-]{section*.64}{\376\377\000g\000o\000t\000o}{chapter.10}% 100
\BOOKMARK [1][-]{section*.65}{\376\377\000h\000i\000t\000\050\000\051}{chapter.10}% 101
\BOOKMARK [1][-]{section*.66}{\376\377\000i\000f\000\040\000.\000.\000.\000\040\000t\000h\000e\000n}{chapter.10}% 102
\BOOKMARK [1][-]{section*.67}{\376\377\000i\000f\000\040\000.\000.\000.\000\040\000e\000l\000s\000e\000\040\000.\000.\000.\000\040\000e\000n\000d\000i\000f}{chapter.10}% 103
\BOOKMARK [1][-]{section*.68}{\376\377\000i\000m\000a\000g\000e}{chapter.10}% 104
\BOOKMARK [1][-]{section*.69}{\376\377\000i\000n\000k\000e\000y\000\050\000\051}{chapter.10}% 105
\BOOKMARK [1][-]{section*.70}{\376\377\000i\000n\000k\000e\000y\000\044\000\050\000\051}{chapter.10}% 106
\BOOKMARK [1][-]{section*.71}{\376\377\000i\000n\000p\000u\000t}{chapter.10}% 107
\BOOKMARK [1][-]{section*.72}{\376\377\000i\000n\000t\000\050\000\051}{chapter.10}% 108
\BOOKMARK [1][-]{section*.73}{\376\377\000i\000s\000v\000a\000l\000\050\000\051}{chapter.10}% 109
\BOOKMARK [1][-]{section*.74}{\376\377\000i\000t\000e\000m\000c\000o\000u\000n\000t\000\050\000\051}{chapter.10}% 110
\BOOKMARK [1][-]{section*.75}{\376\377\000i\000t\000e\000m\000g\000e\000t\000\044\000\050\000\051}{chapter.10}% 111
\BOOKMARK [1][-]{section*.76}{\376\377\000j\000o\000y\000b\000\050\000\051}{chapter.10}% 112
\BOOKMARK [1][-]{section*.77}{\376\377\000j\000o\000y\000x\000\050\000\051}{chapter.10}% 113
\BOOKMARK [1][-]{section*.78}{\376\377\000j\000o\000y\000y\000\050\000\051}{chapter.10}% 114
\BOOKMARK [1][-]{section*.79}{\376\377\000k\000e\000y\000d\000o\000w\000n\000\050\000\051}{chapter.10}% 115
\BOOKMARK [1][-]{section*.80}{\376\377\000l\000o\000a\000d}{chapter.10}% 116
\BOOKMARK [1][-]{section*.81}{\376\377\000l\000e\000f\000t\000\044\000\050\000\051}{chapter.10}% 117
\BOOKMARK [1][-]{section*.82}{\376\377\000l\000e\000n\000\050\000\051}{chapter.10}% 118
\BOOKMARK [1][-]{section*.83}{\376\377\000l\000e\000t}{chapter.10}% 119
\BOOKMARK [1][-]{section*.84}{\376\377\000l\000i\000n\000e}{chapter.10}% 120
\BOOKMARK [1][-]{section*.85}{\376\377\000l\000i\000s\000t}{chapter.10}% 121
\BOOKMARK [1][-]{section*.86}{\376\377\000l\000o\000c\000a\000l}{chapter.10}% 122
\BOOKMARK [1][-]{section*.87}{\376\377\000m\000a\000x\000\050\000\051}{chapter.10}% 123
\BOOKMARK [1][-]{section*.88}{\376\377\000m\000i\000n\000\050\000\051}{chapter.10}% 124
\BOOKMARK [1][-]{section*.89}{\376\377\000m\000d\000e\000l\000t\000a}{chapter.10}% 125
\BOOKMARK [1][-]{section*.90}{\376\377\000m\000e\000m\000c\000o\000p\000y}{chapter.10}% 126
\BOOKMARK [1][-]{section*.91}{\376\377\000m\000i\000d\000\044\000\050\000\051}{chapter.10}% 127
\BOOKMARK [1][-]{section*.92}{\376\377\000m\000o\000u\000s\000e}{chapter.10}% 128
\BOOKMARK [1][-]{section*.93}{\376\377\000n\000e\000w}{chapter.10}% 129
\BOOKMARK [1][-]{section*.94}{\376\377\000n\000o\000t\000\050\000\051}{chapter.10}% 130
\BOOKMARK [1][-]{section*.95}{\376\377\000o\000p\000t\000i\000o\000n}{chapter.10}% 131
\BOOKMARK [1][-]{section*.96}{\376\377\000p\000a\000l\000e\000t\000t\000e}{chapter.10}% 132
\BOOKMARK [1][-]{section*.97}{\376\377\000p\000e\000e\000k\000\050\000\051}{chapter.10}% 133
\BOOKMARK [1][-]{section*.98}{\376\377\000p\000e\000e\000k\000w\000\050\000\051}{chapter.10}% 134
\BOOKMARK [1][-]{section*.99}{\376\377\000p\000e\000e\000k\000l\000\050\000\051}{chapter.10}% 135
\BOOKMARK [1][-]{section*.100}{\376\377\000p\000e\000e\000k\000d\000\050\000\051}{chapter.10}% 136
\BOOKMARK [1][-]{section*.101}{\376\377\000p\000l\000a\000y\000i\000n\000g\000\050\000\051}{chapter.10}% 137
\BOOKMARK [1][-]{section*.102}{\376\377\000p\000l\000o\000t}{chapter.10}% 138
\BOOKMARK [1][-]{section*.103}{\376\377\000p\000o\000k\000e}{chapter.10}% 139
\BOOKMARK [1][-]{section*.104}{\376\377\000p\000o\000k\000e\000w}{chapter.10}% 140
\BOOKMARK [1][-]{section*.105}{\376\377\000p\000o\000k\000e\000l}{chapter.10}% 141
\BOOKMARK [1][-]{section*.106}{\376\377\000p\000o\000k\000e\000d}{chapter.10}% 142
\BOOKMARK [1][-]{section*.107}{\376\377\000p\000r\000i\000n\000t}{chapter.10}% 143
\BOOKMARK [1][-]{section*.109}{\376\377\000p\000r\000o\000c\000\040\000.\000.\000.\000\040\000e\000n\000d\000p\000r\000o\000c}{chapter.10}% 144
\BOOKMARK [1][-]{section*.110}{\376\377\000r\000e\000m}{chapter.10}% 145
\BOOKMARK [1][-]{section*.111}{\376\377\000r\000n\000d\000\050\000\051}{chapter.10}% 146
\BOOKMARK [1][-]{section*.112}{\376\377\000r\000a\000n\000d\000o\000m\000\050\000\051}{chapter.10}% 147
\BOOKMARK [1][-]{section*.113}{\376\377\000r\000e\000a\000d\000\040\000/\000\040\000d\000a\000t\000a}{chapter.10}% 148
\BOOKMARK [1][-]{section*.114}{\376\377\000r\000e\000c\000t}{chapter.10}% 149
\BOOKMARK [1][-]{section*.115}{\376\377\000r\000e\000s\000t\000o\000r\000e}{chapter.10}% 150
\BOOKMARK [1][-]{section*.116}{\376\377\000r\000e\000p\000e\000a\000t\000\040\000.\000.\000.\000\040\000u\000n\000t\000i\000l}{chapter.10}% 151
\BOOKMARK [1][-]{section*.117}{\376\377\000r\000e\000t\000u\000r\000n}{chapter.10}% 152
\BOOKMARK [1][-]{section*.118}{\376\377\000r\000i\000g\000h\000t\000\044\000\050\000\051}{chapter.10}% 153
\BOOKMARK [1][-]{section*.119}{\376\377\000r\000u\000n}{chapter.10}% 154
\BOOKMARK [1][-]{section*.120}{\376\377\000s\000a\000v\000e}{chapter.10}% 155
\BOOKMARK [1][-]{section*.121}{\376\377\000s\000e\000t\000d\000a\000t\000e}{chapter.10}% 156
\BOOKMARK [1][-]{section*.122}{\376\377\000s\000e\000t\000t\000i\000m\000e}{chapter.10}% 157
\BOOKMARK [1][-]{section*.123}{\376\377\000s\000g\000n\000\050\000\051}{chapter.10}% 158
\BOOKMARK [1][-]{section*.124}{\376\377\000s\000c\000r\000e\000e\000n\000\050\000\051}{chapter.10}% 159
\BOOKMARK [1][-]{section*.125}{\376\377\000s\000c\000r\000e\000e\000n\000\044\000\050\000\051}{chapter.10}% 160
\BOOKMARK [1][-]{section*.126}{\376\377\000s\000o\000u\000n\000d}{chapter.10}% 161
\BOOKMARK [1][-]{section*.127}{\376\377\000s\000p\000c\000\050\000\051}{chapter.10}% 162
\BOOKMARK [1][-]{section*.128}{\376\377\000s\000p\000r\000i\000t\000e}{chapter.10}% 163
\BOOKMARK [1][-]{section*.129}{\376\377\000s\000p\000r\000i\000t\000e\000s}{chapter.10}% 164
\BOOKMARK [1][-]{section*.130}{\376\377\000s\000t\000o\000p}{chapter.10}% 165
\BOOKMARK [1][-]{section*.131}{\376\377\000t\000e\000x\000t}{chapter.10}% 166
\BOOKMARK [1][-]{section*.132}{\376\377\000t\000i\000l\000e}{chapter.10}% 167
\BOOKMARK [1][-]{section*.133}{\376\377\000t\000i\000l\000e\000\050\000\051}{chapter.10}% 168
\BOOKMARK [1][-]{section*.134}{\376\377\000t\000i\000l\000e\000s}{chapter.10}% 169
\BOOKMARK [1][-]{section*.135}{\376\377\000t\000i\000m\000e\000r\000\050\000\051}{chapter.10}% 170
\BOOKMARK [1][-]{section*.136}{\376\377\000t\000r\000y}{chapter.10}% 171
\BOOKMARK [1][-]{section*.137}{\376\377\000v\000a\000l\000\050\000\051}{chapter.10}% 172
\BOOKMARK [1][-]{section*.138}{\376\377\000s\000t\000r\000\044\000\050\000\051}{chapter.10}% 173
\BOOKMARK [1][-]{section*.139}{\376\377\000t\000r\000u\000e}{chapter.10}% 174
\BOOKMARK [1][-]{section*.140}{\376\377\000v\000e\000r\000i\000f\000y}{chapter.10}% 175
\BOOKMARK [1][-]{section*.141}{\376\377\000w\000h\000i\000l\000e\000\040\000.\000.\000.\000\040\000w\000e\000n\000d}{chapter.10}% 176
\BOOKMARK [1][-]{section*.142}{\376\377\000x\000l\000o\000a\000d}{chapter.10}% 177
\BOOKMARK [1][-]{section*.143}{\376\377\000x\000g\000o}{chapter.10}% 178
\BOOKMARK [1][-]{section*.144}{\376\377\000z\000a\000p}{chapter.10}% 179
\BOOKMARK [1][-]{section*.145}{\376\377\000p\000i\000n\000g}{chapter.10}% 180
\BOOKMARK [1][-]{section*.146}{\376\377\000s\000h\000o\000o\000t}{chapter.10}% 181
\BOOKMARK [1][-]{section*.147}{\376\377\000e\000x\000p\000l\000o\000d\000e}{chapter.10}% 182
